2024-09-24 22:25:39,900 - INFO - Программа запущена
2024-09-24 22:25:48,271 - INFO - Поиск лиц начат.
2024-09-24 22:25:49,045 - INFO - Текстура лица: не живая
2024-09-24 22:25:49,046 - INFO - Отражение света: естественное
2024-09-24 22:25:49,844 - INFO - Движение головы: True
2024-09-24 22:25:49,846 - INFO - Текстура лица: не живая
2024-09-24 22:25:49,846 - INFO - Отражение света: естественное
2024-09-24 22:25:50,630 - INFO - Движение головы: True
2024-09-24 22:25:50,632 - INFO - Текстура лица: не живая
2024-09-24 22:25:50,632 - INFO - Отражение света: естественное
2024-09-24 22:25:51,440 - INFO - Движение головы: True
2024-09-24 22:25:51,442 - INFO - Текстура лица: не живая
2024-09-24 22:25:51,442 - INFO - Отражение света: естественное
2024-09-24 22:25:52,221 - INFO - Движение головы: True
2024-09-24 22:25:52,222 - INFO - Текстура лица: не живая
2024-09-24 22:25:52,223 - INFO - Отражение света: естественное
2024-09-24 22:25:53,002 - INFO - Движение головы: True
2024-09-24 22:25:53,003 - INFO - Текстура лица: не живая
2024-09-24 22:25:53,004 - INFO - Отражение света: естественное
2024-09-24 22:25:53,500 - INFO - Распознано: Unknown или лицо не является живым
2024-09-24 22:31:57,034 - INFO - Программа запущена
2024-09-24 22:31:57,780 - INFO - Группы успешно загружены из файла.
2024-09-24 22:31:57,803 - DEBUG - STREAM b'IHDR' 16 13
2024-09-24 22:31:57,804 - DEBUG - STREAM b'sRGB' 41 1
2024-09-24 22:31:57,804 - DEBUG - STREAM b'gAMA' 54 4
2024-09-24 22:31:57,805 - DEBUG - STREAM b'pHYs' 70 9
2024-09-24 22:31:57,805 - DEBUG - STREAM b'IDAT' 91 65445
2024-09-24 22:31:58,295 - INFO - Загружена кодировка для Ant.jpg
2024-09-24 22:31:58,780 - WARNING - Не удалось получить кодировку для MrBoloto.jpg
2024-09-24 22:31:59,775 - INFO - Загружена кодировка для person1.jpg
2024-09-24 22:32:01,044 - INFO - Загружена кодировка для stepik.jpg
2024-09-24 22:32:06,532 - INFO - Поиск лиц начат.
2024-09-24 22:32:06,883 - INFO - Текстура лица: живая
2024-09-24 22:32:06,883 - INFO - Отражение света: естественное
2024-09-24 22:32:07,377 - INFO - Распознано лицо: person1.jpg
2024-09-24 22:32:07,674 - INFO - Движение головы: True
2024-09-24 22:32:07,676 - INFO - Текстура лица: живая
2024-09-24 22:32:07,676 - INFO - Отражение света: естественное
2024-09-24 22:32:08,176 - INFO - Распознано лицо: person1.jpg
2024-09-24 22:32:08,459 - INFO - Движение головы: True
2024-09-24 22:32:08,460 - INFO - Текстура лица: живая
2024-09-24 22:32:08,461 - INFO - Отражение света: естественное
2024-09-24 22:32:08,971 - INFO - Распознано лицо: person1.jpg
2024-09-24 22:32:09,280 - INFO - Движение головы: True
2024-09-24 22:32:09,281 - INFO - Текстура лица: живая
2024-09-24 22:32:09,282 - INFO - Отражение света: естественное
2024-09-24 22:32:09,785 - INFO - Распознано лицо: person1.jpg
2024-09-24 22:32:10,080 - INFO - Движение головы: False
2024-09-24 22:32:10,082 - INFO - Текстура лица: живая
2024-09-24 22:32:10,082 - INFO - Отражение света: естественное
2024-09-24 22:32:10,577 - INFO - Распознано лицо: person1.jpg
2024-09-24 22:32:10,864 - INFO - Движение головы: True
2024-09-24 22:32:10,866 - INFO - Текстура лица: живая
2024-09-24 22:32:10,866 - INFO - Отражение света: естественное
2024-09-24 22:32:11,365 - INFO - Распознано лицо: person1.jpg
2024-09-24 22:32:11,645 - INFO - Движение головы: True
2024-09-24 22:32:11,646 - INFO - Текстура лица: живая
2024-09-24 22:32:11,647 - INFO - Отражение света: естественное
2024-09-24 22:32:12,145 - INFO - Распознано лицо: person1.jpg
2024-09-24 22:32:12,148 - INFO - Распознано: person1.jpg, лицо живое.
2024-09-24 22:32:32,018 - INFO - Поиск лиц начат.
2024-09-24 22:32:32,313 - INFO - Текстура лица: живая
2024-09-24 22:32:32,313 - INFO - Отражение света: естественное
2024-09-24 22:32:32,814 - INFO - Распознано лицо: person1.jpg
2024-09-24 22:32:33,097 - INFO - Движение головы: True
2024-09-24 22:32:33,098 - INFO - Текстура лица: живая
2024-09-24 22:32:33,099 - INFO - Отражение света: естественное
2024-09-24 22:32:33,595 - INFO - Распознано лицо: person1.jpg
2024-09-24 22:32:33,881 - INFO - Движение головы: True
2024-09-24 22:32:33,882 - INFO - Текстура лица: живая
2024-09-24 22:32:33,883 - INFO - Отражение света: естественное
2024-09-24 22:32:34,377 - INFO - Распознано лицо: person1.jpg
2024-09-24 22:32:34,659 - INFO - Движение головы: True
2024-09-24 22:32:34,660 - INFO - Текстура лица: живая
2024-09-24 22:32:34,661 - INFO - Отражение света: естественное
2024-09-24 22:32:35,158 - INFO - Распознано лицо: person1.jpg
2024-09-24 22:32:35,438 - INFO - Движение головы: True
2024-09-24 22:32:35,440 - INFO - Текстура лица: живая
2024-09-24 22:32:35,441 - INFO - Отражение света: естественное
2024-09-24 22:32:35,935 - INFO - Распознано лицо: person1.jpg
2024-09-24 22:32:36,222 - INFO - Движение головы: True
2024-09-24 22:32:36,223 - INFO - Текстура лица: живая
2024-09-24 22:32:36,223 - INFO - Отражение света: естественное
2024-09-24 22:32:36,721 - INFO - Распознано лицо: person1.jpg
2024-09-24 22:32:37,002 - INFO - Движение головы: True
2024-09-24 22:32:37,003 - INFO - Текстура лица: живая
2024-09-24 22:32:37,003 - INFO - Отражение света: естественное
2024-09-24 22:32:37,500 - INFO - Распознано лицо: person1.jpg
2024-09-24 22:32:37,501 - INFO - Распознано: person1.jpg, лицо живое.
